[GPU 0] Launching 1000000 electrons at 5000.0 eV — Thu Mar 12 08:37:22 PM UTC 2026
[GPU 1] Launching 1000000 electrons at 5001.0 eV — Thu Mar 12 08:37:22 PM UTC 2026
[GPU 2] Launching 1000000 electrons at 5002.0 eV — Thu Mar 12 08:37:22 PM UTC 2026
[GPU 3] Launching 1000000 electrons at 5003.0 eV — Thu Mar 12 08:37:22 PM UTC 2026
>>> 5000.0 eV: 35668/1000000 detected (3.6%) in 11088.1s [1/21] ETA: 61h36m
>>> 5001.0 eV: 35701/1000000 detected (3.6%) in 11512.6s [2/21] ETA: 30h22m
>>> 5002.0 eV: 35502/1000000 detected (3.6%) in 8676.1s [3/21] ETA: 19h11m
>>> 5003.0 eV: 35827/1000000 detected (3.6%) in 9459.0s [4/21] ETA: 13h35m

[GPU 0] Launching 1000000 electrons at 5003.5 eV — Thu Mar 12 11:49:15 PM UTC 2026
[GPU 1] Launching 1000000 electrons at 5004.0 eV — Thu Mar 12 11:49:15 PM UTC 2026
[GPU 2] Launching 1000000 electrons at 5004.25 eV — Thu Mar 12 11:49:15 PM UTC 2026
[GPU 3] Launching 1000000 electrons at 5004.5 eV — Thu Mar 12 11:49:15 PM UTC 2026
>>> 5003.5 eV: 35704/1000000 detected (3.6%) in 8001.0s [5/21] ETA: 17h20m
>>> 5004.0 eV: 35910/1000000 detected (3.6%) in 8583.9s [6/21] ETA: 13h57m
>>> 5004.25 eV: 35590/1000000 detected (3.6%) in 8589.3s [7/21] ETA: 11h10m
>>> 5004.5 eV: 36063/1000000 detected (3.6%) in 7861.2s [8/21] ETA: 9h4m

[GPU 0] Launching 1000000 electrons at 5004.75 eV — Fri Mar 13 02:12:25 AM UTC 2026
[GPU 1] Launching 1000000 electrons at 5005.0 eV — Fri Mar 13 02:12:25 AM UTC 2026
[GPU 2] Launching 1000000 electrons at 5005.25 eV — Fri Mar 13 02:12:25 AM UTC 2026
[GPU 3] Launching 1000000 electrons at 5005.5 eV — Fri Mar 13 02:12:25 AM UTC 2026
>>> 5004.75 eV: 35872/1000000 detected (3.6%) in 7591.0s [9/21] ETA: 10h15m
>>> 5005.0 eV: 36137/1000000 detected (3.6%) in 7908.3s [10/21] ETA: 8h33m
>>> 5005.25 eV: 35712/1000000 detected (3.6%) in 8159.2s [11/21] ETA: 7h8m
>>> 5005.5 eV: 35868/1000000 detected (3.6%) in 9027.6s [12/21] ETA: 6h4m

[GPU 0] Launching 1000000 electrons at 5005.75 eV — Fri Mar 13 04:42:54 AM UTC 2026
[GPU 1] Launching 1000000 electrons at 5006.0 eV — Fri Mar 13 04:42:54 AM UTC 2026
[GPU 2] Launching 1000000 electrons at 5006.25 eV — Fri Mar 13 04:42:54 AM UTC 2026
[GPU 3] Launching 1000000 electrons at 5006.5 eV — Fri Mar 13 04:42:54 AM UTC 2026
>>> 5005.75 eV: 35966/1000000 detected (3.6%) in 7178.2s [13/21] ETA: 6h12m
>>> 5006.0 eV: 35708/1000000 detected (3.6%) in 8049.8s [14/21] ETA: 5h9m
>>> 5006.25 eV: 36188/1000000 detected (3.6%) in 9997.0s [15/21] ETA: 4h20m
>>> 5006.5 eV: 35961/1000000 detected (3.6%) in 8608.8s [16/21] ETA: 3h23m

[GPU 0] Launching 1000000 electrons at 5007.0 eV — Fri Mar 13 07:29:32 AM UTC 2026
[GPU 1] Launching 1000000 electrons at 5007.5 eV — Fri Mar 13 07:29:32 AM UTC 2026
[GPU 2] Launching 1000000 electrons at 5008.0 eV — Fri Mar 13 07:29:32 AM UTC 2026
[GPU 3] Launching 1000000 electrons at 5009.0 eV — Fri Mar 13 07:29:32 AM UTC 2026
>>> 5007.0 eV: 35592/1000000 detected (3.6%) in 8630.3s [17/21] ETA: 3h7m
>>> 5007.5 eV: 35736/1000000 detected (3.6%) in 8917.1s [18/21] ETA: 2h13m
>>> 5008.0 eV: 35766/1000000 detected (3.6%) in 8522.1s [19/21] ETA: 1h24m
>>> 5009.0 eV: 35930/1000000 detected (3.6%) in 8448.6s [20/21] ETA: 0h40m

[GPU 0] Launching 1000000 electrons at 5010.0 eV — Fri Mar 13 09:58:10 AM UTC 2026
>>> 5010.0 eV: 35755/1000000 detected (3.6%) in 8730.9s [21/21] ETA: 0h0m

============================================================
SCAN COMPLETE — 21 points, 1000000 electrons each
Results: /home/hotaisle/ELektron2/cpp/scripts/../../results/energy_scan_20260312_203722.csv
============================================================
energy_eV,detected,total,pct,kernel_time_s,throughput_e_per_s
5000.0,35668,1000000,3.6,11088.1,90.2
5001.0,35701,1000000,3.6,11512.6,86.9
5002.0,35502,1000000,3.6,8676.1,115.3
5003.0,35827,1000000,3.6,9459.0,105.7
5003.5,35704,1000000,3.6,8001.0,125.0
5004.0,35910,1000000,3.6,8583.9,116.5
5004.25,35590,1000000,3.6,8589.3,116.4
5004.5,36063,1000000,3.6,7861.2,127.2
5004.75,35872,1000000,3.6,7591.0,131.7
5005.0,36137,1000000,3.6,7908.3,126.4
5005.25,35712,1000000,3.6,8159.2,122.6
5005.5,35868,1000000,3.6,9027.6,110.8
5005.75,35966,1000000,3.6,7178.2,139.3
5006.0,35708,1000000,3.6,8049.8,124.2
5006.25,36188,1000000,3.6,9997.0,100.0
5006.5,35961,1000000,3.6,8608.8,116.2
5007.0,35592,1000000,3.6,8630.3,115.9
5007.5,35736,1000000,3.6,8917.1,112.1
5008.0,35766,1000000,3.6,8522.1,117.3
5009.0,35930,1000000,3.6,8448.6,118.4
5010.0,35755,1000000,3.6,8730.9,114.5
