Energy scan: 4991–5009 eV, step 2, 750000 electrons/point
Summary: energy_scan_20260312_002809.csv
Log: energy_scan_20260312_002809.log
(reconstructed from .dat file headers)

============================================================
[1/10] Running 750000 electrons at 4991 eV
Started: 2026-03-12 01:57:22
============================================================
>>> 4991 eV: 26941/750000 detected (3.5921333333333334%) in 5352.5s

============================================================
[2/10] Running 750000 electrons at 4993 eV
Started: 2026-03-12 03:43:39
============================================================
>>> 4993 eV: 26984/750000 detected (3.5978666666666665%) in 6377.0s

============================================================
[3/10] Running 750000 electrons at 4995 eV
Started: 2026-03-12 05:31:43
============================================================
>>> 4995 eV: 26938/750000 detected (3.5917333333333334%) in 6483.3s

============================================================
[4/10] Running 750000 electrons at 4997 eV
Started: 2026-03-12 07:15:15
============================================================
>>> 4997 eV: 26511/750000 detected (3.5348000000000002%) in 6211.1s

============================================================
[5/10] Running 750000 electrons at 4999 eV
Started: 2026-03-12 09:03:07
============================================================
>>> 4999 eV: 26808/750000 detected (3.5743999999999998%) in 6471.3s

============================================================
[6/10] Running 750000 electrons at 5001 eV
Started: 2026-03-12 10:36:25
============================================================
>>> 5001 eV: 26936/750000 detected (3.5914666666666668%) in 5597.2s

============================================================
[7/10] Running 750000 electrons at 5003 eV
Started: 2026-03-12 12:30:47
============================================================
>>> 5003 eV: 26478/750000 detected (3.5304000000000002%) in 6861.9s

============================================================
[8/10] Running 750000 electrons at 5005 eV
Started: 2026-03-12 14:07:30
============================================================
>>> 5005 eV: 27385/750000 detected (3.6513333333333335%) in 5802.8s

============================================================
[9/10] Running 750000 electrons at 5007 eV
Started: 2026-03-12 15:49:46
============================================================
>>> 5007 eV: 26974/750000 detected (3.5965333333333334%) in 6135.2s

============================================================
[10/10] Running 750000 electrons at 5009 eV
Started: 2026-03-12 17:33:56
============================================================
>>> 5009 eV: 27107/750000 detected (3.6142666666666665%) in 6249.1s

============================================================
SCAN COMPLETE
Results: energy_scan_20260312_002809.csv
============================================================
energy_eV,detected,total,pct,kernel_time_s,throughput_e_per_s
4991,26941,750000,3.5921333333333334,5352.5,140
4993,26984,750000,3.5978666666666665,6377.0,117
4995,26938,750000,3.5917333333333334,6483.3,115
4997,26511,750000,3.5348000000000002,6211.1,120
4999,26808,750000,3.5743999999999998,6471.3,115
5001,26936,750000,3.5914666666666668,5597.2,133
5003,26478,750000,3.5304000000000002,6861.9,109
5005,27385,750000,3.6513333333333335,5802.8,129
5007,26974,750000,3.5965333333333334,6135.2,122
5009,27107,750000,3.6142666666666665,6249.1,120
