============================================================
[1/9] Running 750000 electrons at 5003.0 eV
Started: Thu Mar 12 07:28:53 PM UTC 2026
============================================================
GPU: AMD Instinct MI300X VF | GCN Arch: gfx942:sramecc+:xnack- | 304 CUs | 196288 MB VRAM
PARAMS | rangeMin: 1.00e-12 | rangeMax: 1.00e-10 | startEnergy: 5003 eV | spin: 1 | Z: 6 | atoms: 30 | spacing: 735.4 (reduced)
Integrator: DP853 (ROCm/HIP, FP64) | absTol: 1e-12 | relTol: 1e-12 | minStep: 1e-10 | maxStep: 10.0
Running 750000 simulations on GPU.

Running 750000 electrons in batches of 77824 (block 256, grid 304)
XY boundary: 823.5 reduced units (3 * Bohr radius)
Detector: 100mm x 100mm aperture at 1.00m
Progress: 750000/750000 (100.0%) | 96.2 e/s | Elapsed: 7793.6s
Progress: 750000/750000 (100.0%) | Detected: 27026 | Elapsed: 7793.7s

=== SUMMARY ===
isNaN: 170 | isPos: 24091 | isNeg: 770 | xyEscape: 724969
DETECTED: 27026/750000 (3.6%)
Detector: 100mm x 100mm aperture at 1.00m
Energy: 5003 eV
Total steps: 426647546504 | Avg steps/electron: 568863
KERNEL TIME: 7793657 ms (96.2 electrons/sec)
TOTAL TIME FOR 750000 SIMULATIONS: 7793889 ms
Wrote 27026 detected electrons (of 750000) to ../results/2026-03-12_213847_rocm-dp853_5003eV_750000.dat
