================================================================================
ELektron2 ROCm Energy Scan - Aggregated Summary
Generated: 2026-03-13
================================================================================

    Energy   Detected      Total     Rate %    +/-1s %    +/-2s %  Files
--------------------------------------------------------------------
      4990       3608     100000     3.6080     0.0590     0.1179      1
      4991      26941     750000     3.5921     0.0215     0.0430      1
      4993      26984     750000     3.5979     0.0215     0.0430      1
      4995      26938     750000     3.5917     0.0215     0.0430      1
      4997      26511     750000     3.5348     0.0213     0.0426      1
      4999      26808     750000     3.5744     0.0214     0.0429      1
      5000      78898    2210000     3.5700     0.0125     0.0250      5
      5001      98179    2750000     3.5701     0.0112     0.0224      3
      5002      71450    2000000     3.5725     0.0131     0.0262      2
      5003     152073    4250000     3.5782     0.0090     0.0180      5
    5003.5      62712    1750000     3.5835     0.0141     0.0281      2
      5004      62682    1750000     3.5818     0.0140     0.0281      2
   5004.25      35590    1000000     3.5590     0.0185     0.0371      1
    5004.5      63016    1750000     3.6009     0.0141     0.0282      2
   5004.75      35872    1000000     3.5872     0.0186     0.0372      1
      5005      90169    2500000     3.6068     0.0118     0.0236      3
   5005.25      35712    1000000     3.5712     0.0186     0.0371      1
    5005.5      62814    1750000     3.5894     0.0141     0.0281      2
   5005.75      35966    1000000     3.5966     0.0186     0.0372      1
      5006      62536    1750000     3.5735     0.0140     0.0281      2
   5006.25      36188    1000000     3.6188     0.0187     0.0374      1
    5006.5      62703    1750000     3.5830     0.0141     0.0281      2
      5007      89771    2500000     3.5908     0.0118     0.0235      3
    5007.5      35736    1000000     3.5736     0.0186     0.0371      1
      5008      35766    1000000     3.5766     0.0186     0.0371      1
      5009      63037    1750000     3.6021     0.0141     0.0282      2
      5010      35755    1000000     3.5755     0.0186     0.0371      1
--------------------------------------------------------------------

Overall: 1444415/40310000 = 3.5833% +/- 0.0029% (1s)

Peak detection: 5006.25 eV at 3.6188% +/- 0.0187%
Min  detection: 4997 eV at 3.5348% +/- 0.0213%

Peak vs min: z = 2.96 sigma (>2s, suggestive)

Chi-squared test (H0: uniform detection rate across all energies):
  chi2 = 24.20, dof = 26
  (Critical values: chi2(26,0.05) ~ 37.9, chi2(26,0.01) ~ 42.8)
  Result: Cannot reject uniformity

================================================================================
Per-energy file breakdown:
================================================================================

4990 eV: 2026-03-11_223231_rocm-dp853_4990eV_100000.dat

4991 eV: 2026-03-12_015722_rocm-dp853_4991eV_750000.dat

4993 eV: 2026-03-12_034339_rocm-dp853_4993eV_750000.dat

4995 eV: 2026-03-12_053143_rocm-dp853_4995eV_750000.dat

4997 eV: 2026-03-12_071515_rocm-dp853_4997eV_750000.dat

4999 eV: 2026-03-12_090307_rocm-dp853_4999eV_750000.dat

5000 eV: 2026-03-11_213614_rocm-dp853_5000eV_10000.dat 2026-03-11_221635_rocm-dp853_5000eV_100000.dat 2026-03-11_225243_rocm-dp853_5000eV_100000.dat 2026-03-12_233418_rocm-dp853_5000eV_1000000.dat 2026-03-12_234210_rocm-dp853_5000eV_1000000.dat

5001 eV: 2026-03-12_103625_rocm-dp853_5001eV_750000.dat 2026-03-12_231602_rocm-dp853_5001eV_1000000.dat 2026-03-12_234915_rocm-dp853_5001eV_1000000.dat

5002 eV: 2026-03-12_230158_rocm-dp853_5002eV_1000000.dat 2026-03-12_231041_rocm-dp853_5002eV_1000000.dat

5003 eV: 2026-03-12_123047_rocm-dp853_5003eV_750000.dat 2026-03-12_212827_rocm-dp853_5003eV_750000.dat 2026-03-12_213847_rocm-dp853_5003eV_750000.dat 2026-03-12_231501_rocm-dp853_5003eV_1000000.dat 2026-03-12_232436_rocm-dp853_5003eV_1000000.dat

5003.5 eV: 2026-03-12_231513_rocm-dp853_5004eV_750000.dat 2026-03-13_020237_rocm-dp853_5004eV_1000000.dat

5004 eV: 2026-03-13_011046_rocm-dp853_5004eV_750000.dat 2026-03-13_021220_rocm-dp853_5004eV_1000000.dat

5004.25 eV: 2026-03-13_021225_rocm-dp853_5004eV_1000000.dat

5004.5 eV: 2026-03-13_020017_rocm-dp853_5004eV_1000000.dat 2026-03-13_025442_rocm-dp853_5004eV_750000.dat

5004.75 eV: 2026-03-13_041857_rocm-dp853_5005eV_1000000.dat

5005 eV: 2026-03-12_140730_rocm-dp853_5005eV_750000.dat 2026-03-13_042414_rocm-dp853_5005eV_1000000.dat 2026-03-13_042920_rocm-dp853_5005eV_750000.dat

5005.25 eV: 2026-03-13_042825_rocm-dp853_5005eV_1000000.dat

5005.5 eV: 2026-03-13_044254_rocm-dp853_5006eV_1000000.dat 2026-03-13_061404_rocm-dp853_5006eV_750000.dat

5005.75 eV: 2026-03-13_064233_rocm-dp853_5006eV_1000000.dat

5006 eV: 2026-03-13_065704_rocm-dp853_5006eV_1000000.dat 2026-03-13_080641_rocm-dp853_5006eV_750000.dat

5006.25 eV: 2026-03-13_072932_rocm-dp853_5006eV_1000000.dat

5006.5 eV: 2026-03-13_070623_rocm-dp853_5006eV_1000000.dat 2026-03-13_094501_rocm-dp853_5006eV_750000.dat

5007 eV: 2026-03-12_154946_rocm-dp853_5007eV_750000.dat 2026-03-13_095323_rocm-dp853_5007eV_1000000.dat 2026-03-13_112412_rocm-dp853_5007eV_750000.dat

5007.5 eV: 2026-03-13_095809_rocm-dp853_5008eV_1000000.dat

5008 eV: 2026-03-13_095135_rocm-dp853_5008eV_1000000.dat

5009 eV: 2026-03-12_173356_rocm-dp853_5009eV_750000.dat 2026-03-13_095021_rocm-dp853_5009eV_1000000.dat

5010 eV: 2026-03-13_122341_rocm-dp853_5010eV_1000000.dat
